This is pdfTeX, Version 3.14159265-2.6-1.40.21 (TeX Live 2020/Debian) (preloaded format=pdflatex 2021.10.20)  25 OCT 2021 22:50
entering extended mode
 restricted \write18 enabled.
 %&-line parsing enabled.
**main.tex
(./main.tex
LaTeX2e <2020-10-01> patch level 4
L3 programming layer <2021-01-09> xparse <2020-03-03>
(/usr/share/texlive/texmf-dist/tex/latex/base/article.cls
Document Class: article 2020/04/10 v1.4m Standard LaTeX document class
(/usr/share/texlive/texmf-dist/tex/latex/base/size10.clo
File: size10.clo 2020/04/10 v1.4m Standard LaTeX file (size option)
)
\c@part=\count177
\c@section=\count178
\c@subsection=\count179
\c@subsubsection=\count180
\c@paragraph=\count181
\c@subparagraph=\count182
\c@figure=\count183
\c@table=\count184
\abovecaptionskip=\skip47
\belowcaptionskip=\skip48
\bibindent=\dimen138
)
(/usr/share/texlive/texmf-dist/tex/latex/amsmath/amsmath.sty
Package: amsmath 2020/09/23 v2.17i AMS math features
\@mathmargin=\skip49

For additional information on amsmath, use the `?' option.
(/usr/share/texlive/texmf-dist/tex/latex/amsmath/amstext.sty
Package: amstext 2000/06/29 v2.01 AMS text

(/usr/share/texlive/texmf-dist/tex/latex/amsmath/amsgen.sty
File: amsgen.sty 1999/11/30 v2.0 generic functions
\@emptytoks=\toks15
\ex@=\dimen139
))
(/usr/share/texlive/texmf-dist/tex/latex/amsmath/amsbsy.sty
Package: amsbsy 1999/11/29 v1.2d Bold Symbols
\pmbraise@=\dimen140
)
(/usr/share/texlive/texmf-dist/tex/latex/amsmath/amsopn.sty
Package: amsopn 2016/03/08 v2.02 operator names
)
\inf@bad=\count185
LaTeX Info: Redefining \frac on input line 234.
\uproot@=\count186
\leftroot@=\count187
LaTeX Info: Redefining \overline on input line 399.
\classnum@=\count188
\DOTSCASE@=\count189
LaTeX Info: Redefining \ldots on input line 496.
LaTeX Info: Redefining \dots on input line 499.
LaTeX Info: Redefining \cdots on input line 620.
\Mathstrutbox@=\box47
\strutbox@=\box48
\big@size=\dimen141
LaTeX Font Info:    Redeclaring font encoding OML on input line 743.
LaTeX Font Info:    Redeclaring font encoding OMS on input line 744.
\macc@depth=\count190
\c@MaxMatrixCols=\count191
\dotsspace@=\muskip16
\c@parentequation=\count192
\dspbrk@lvl=\count193
\tag@help=\toks16
\row@=\count194
\column@=\count195
\maxfields@=\count196
\andhelp@=\toks17
\eqnshift@=\dimen142
\alignsep@=\dimen143
\tagshift@=\dimen144
\tagwidth@=\dimen145
\totwidth@=\dimen146
\lineht@=\dimen147
\@envbody=\toks18
\multlinegap=\skip50
\multlinetaggap=\skip51
\mathdisplay@stack=\toks19
LaTeX Info: Redefining \[ on input line 2923.
LaTeX Info: Redefining \] on input line 2924.
)
(/usr/share/texlive/texmf-dist/tex/latex/graphics/color.sty
Package: color 2020/02/24 v1.2b Standard LaTeX Color (DPC)

(/usr/share/texlive/texmf-dist/tex/latex/graphics-cfg/color.cfg
File: color.cfg 2016/01/02 v1.6 sample color configuration
)
Package color Info: Driver file: pdftex.def on input line 147.

(/usr/share/texlive/texmf-dist/tex/latex/graphics-def/pdftex.def
File: pdftex.def 2020/10/05 v1.2a Graphics/color driver for pdftex
))
(/usr/share/texlive/texmf-dist/tex/latex/pxfonts/pxfonts.sty
Package: pxfonts 2008/01/22 v1.1.1
LaTeX Font Info:    Redeclaring symbol font `operators' on input line 21.
LaTeX Font Info:    Overwriting symbol font `operators' in version `normal'
(Font)                  OT1/cmr/m/n --> OT1/pxr/m/n on input line 21.
LaTeX Font Info:    Overwriting symbol font `operators' in version `bold'
(Font)                  OT1/cmr/bx/n --> OT1/pxr/m/n on input line 21.
LaTeX Font Info:    Overwriting symbol font `operators' in version `bold'
(Font)                  OT1/pxr/m/n --> OT1/pxr/bx/n on input line 22.
\symitalic=\mathgroup4
LaTeX Font Info:    Overwriting symbol font `italic' in version `bold'
(Font)                  OT1/pxr/m/it --> OT1/pxr/bx/it on input line 26.
LaTeX Font Info:    Redeclaring math alphabet \mathbf on input line 29.
LaTeX Font Info:    Overwriting math alphabet `\mathbf' in version `normal'
(Font)                  OT1/cmr/bx/n --> OT1/pxr/bx/n on input line 29.
LaTeX Font Info:    Overwriting math alphabet `\mathbf' in version `bold'
(Font)                  OT1/cmr/bx/n --> OT1/pxr/bx/n on input line 29.
LaTeX Font Info:    Redeclaring math alphabet \mathit on input line 30.
LaTeX Font Info:    Overwriting math alphabet `\mathit' in version `normal'
(Font)                  OT1/cmr/m/it --> OT1/pxr/m/it on input line 30.
LaTeX Font Info:    Overwriting math alphabet `\mathit' in version `bold'
(Font)                  OT1/cmr/bx/it --> OT1/pxr/m/it on input line 30.
LaTeX Font Info:    Overwriting math alphabet `\mathit' in version `bold'
(Font)                  OT1/pxr/m/it --> OT1/pxr/bx/it on input line 31.
LaTeX Font Info:    Redeclaring math alphabet \mathsf on input line 40.
LaTeX Font Info:    Overwriting math alphabet `\mathsf' in version `normal'
(Font)                  OT1/cmss/m/n --> OT1/pxss/m/n on input line 40.
LaTeX Font Info:    Overwriting math alphabet `\mathsf' in version `bold'
(Font)                  OT1/cmss/bx/n --> OT1/pxss/m/n on input line 40.
LaTeX Font Info:    Overwriting math alphabet `\mathsf' in version `bold'
(Font)                  OT1/pxss/m/n --> OT1/pxss/b/n on input line 41.
LaTeX Font Info:    Redeclaring math alphabet \mathtt on input line 50.
LaTeX Font Info:    Overwriting math alphabet `\mathtt' in version `normal'
(Font)                  OT1/cmtt/m/n --> OT1/pxtt/m/n on input line 50.
LaTeX Font Info:    Overwriting math alphabet `\mathtt' in version `bold'
(Font)                  OT1/cmtt/m/n --> OT1/pxtt/m/n on input line 50.
LaTeX Font Info:    Overwriting math alphabet `\mathtt' in version `bold'
(Font)                  OT1/pxtt/m/n --> OT1/pxtt/b/n on input line 51.
LaTeX Font Info:    Redeclaring symbol font `letters' on input line 58.
LaTeX Font Info:    Overwriting symbol font `letters' in version `normal'
(Font)                  OML/cmm/m/it --> OML/pxmi/m/it on input line 58.
LaTeX Font Info:    Overwriting symbol font `letters' in version `bold'
(Font)                  OML/cmm/b/it --> OML/pxmi/m/it on input line 58.
LaTeX Font Info:    Overwriting symbol font `letters' in version `bold'
(Font)                  OML/pxmi/m/it --> OML/pxmi/bx/it on input line 59.
\symlettersA=\mathgroup5
LaTeX Font Info:    Overwriting symbol font `lettersA' in version `bold'
(Font)                  U/pxmia/m/it --> U/pxmia/bx/it on input line 67.
LaTeX Font Info:    Redeclaring symbol font `symbols' on input line 77.
LaTeX Font Info:    Overwriting symbol font `symbols' in version `normal'
(Font)                  OMS/cmsy/m/n --> OMS/pxsy/m/n on input line 77.
LaTeX Font Info:    Overwriting symbol font `symbols' in version `bold'
(Font)                  OMS/cmsy/b/n --> OMS/pxsy/m/n on input line 77.
LaTeX Font Info:    Overwriting symbol font `symbols' in version `bold'
(Font)                  OMS/pxsy/m/n --> OMS/pxsy/bx/n on input line 78.
\symAMSa=\mathgroup6
LaTeX Font Info:    Overwriting symbol font `AMSa' in version `bold'
(Font)                  U/pxsya/m/n --> U/pxsya/bx/n on input line 94.
\symAMSb=\mathgroup7
LaTeX Font Info:    Overwriting symbol font `AMSb' in version `bold'
(Font)                  U/pxsyb/m/n --> U/pxsyb/bx/n on input line 103.
\symsymbolsC=\mathgroup8
LaTeX Font Info:    Overwriting symbol font `symbolsC' in version `bold'
(Font)                  U/pxsyc/m/n --> U/pxsyc/bx/n on input line 113.
LaTeX Font Info:    Redeclaring symbol font `largesymbols' on input line 120.
LaTeX Font Info:    Overwriting symbol font `largesymbols' in version `normal'
(Font)                  OMX/cmex/m/n --> OMX/pxex/m/n on input line 120.
LaTeX Font Info:    Overwriting symbol font `largesymbols' in version `bold'
(Font)                  OMX/cmex/m/n --> OMX/pxex/m/n on input line 120.
LaTeX Font Info:    Overwriting symbol font `largesymbols' in version `bold'
(Font)                  OMX/pxex/m/n --> OMX/pxex/bx/n on input line 121.
\symlargesymbolsA=\mathgroup9
LaTeX Font Info:    Overwriting symbol font `largesymbolsA' in version `bold'
(Font)                  U/pxexa/m/n --> U/pxexa/bx/n on input line 129.
LaTeX Font Info:    Redeclaring math symbol \mathsterling on input line 164.
LaTeX Font Info:    Redeclaring math symbol \hbar on input line 591.
LaTeX Info: Redefining \not on input line 997.
)
(/usr/share/texlive/texmf-dist/tex/latex/base/fix-cm.sty
Package: fix-cm 2015/01/14 v1.1t fixes to LaTeX

(/usr/share/texlive/texmf-dist/tex/latex/base/ts1enc.def
File: ts1enc.def 2001/06/05 v3.0e (jk/car/fm) Standard LaTeX file
LaTeX Font Info:    Redeclaring font encoding TS1 on input line 47.
))
(/usr/share/texlive/texmf-dist/tex/latex/base/latexsym.sty
Package: latexsym 1998/08/17 v2.2e Standard LaTeX package (lasy symbols)
\symlasy=\mathgroup10
LaTeX Font Info:    Overwriting symbol font `lasy' in version `bold'
(Font)                  U/lasy/m/n --> U/lasy/b/n on input line 52.
)
(/usr/share/texlive/texmf-dist/tex/latex/ucs/ucs.sty
Package: ucs 2013/05/11 v2.2 UCS: Unicode input support

(/usr/share/texlive/texmf-dist/tex/latex/ucs/data/uni-global.def
File: uni-global.def 2013/05/13 UCS: Unicode global data
)
\uc@secondtry=\count197
\uc@combtoks=\toks20
\uc@combtoksb=\toks21
\uc@temptokena=\toks22
)
(/usr/share/texlive/texmf-dist/tex/latex/base/fontenc.sty
Package: fontenc 2020/08/10 v2.0s Standard LaTeX package
LaTeX Font Info:    Trying to load font information for T1+pxr on input line 11
2.

(/usr/share/texlive/texmf-dist/tex/latex/pxfonts/t1pxr.fd
File: t1pxr.fd 2000/12/14 v1.0
))
(/usr/share/texlive/texmf-dist/tex/latex/base/inputenc.sty
Package: inputenc 2020/08/01 v1.3d Input encoding file
\inpenc@prehook=\toks23
\inpenc@posthook=\toks24

(/usr/share/texlive/texmf-dist/tex/latex/ucs/utf8x.def
File: utf8x.def 2004/10/17 UCS: Input encoding UTF-8
))
(/usr/share/texlive/texmf-dist/tex/latex/pict2e/pict2e.sty
Package: pict2e 2020/09/30 v0.4b Improved picture commands (HjG,RN,JT)

(/usr/share/texlive/texmf-dist/tex/latex/pict2e/pict2e.cfg
File: pict2e.cfg 2016/02/05 v0.1u pict2e configuration for teTeX/TeXLive
)
Package pict2e Info: Driver file: pdftex.def on input line 112.
Package pict2e Info: Driver file for pict2e: p2e-pdftex.def on input line 114.

(/usr/share/texlive/texmf-dist/tex/latex/pict2e/p2e-pdftex.def
File: p2e-pdftex.def 2016/02/05 v0.1u Driver-dependant file (RN,HjG,JT)
)
(/usr/share/texlive/texmf-dist/tex/latex/graphics/trig.sty
Package: trig 2016/01/03 v1.10 sin cos tan (DPC)
)
\pIIe@GRAPH=\toks25
\@arclen=\dimen148
\@arcrad=\dimen149
\pIIe@tempdima=\dimen150
\pIIe@tempdimb=\dimen151
\pIIe@tempdimc=\dimen152
\pIIe@tempdimd=\dimen153
\pIIe@tempdime=\dimen154
\pIIe@tempdimf=\dimen155
)
(/usr/share/texlive/texmf-dist/tex/latex/wasysym/wasysym.sty
Package: wasysym 2020/01/19 v2.4 Wasy-2 symbol support package
\symwasy=\mathgroup11
LaTeX Font Info:    Overwriting symbol font `wasy' in version `bold'
(Font)                  U/wasy/m/n --> U/wasy/b/n on input line 93.
)
(/usr/share/texlive/texmf-dist/tex/generic/babel/babel.sty
Package: babel 2021/01/26 3.53 The Babel package

(/usr/share/texlive/texmf-dist/tex/generic/babel/babel.def
File: babel.def 2021/01/26 3.53 Babel common definitions
\babel@savecnt=\count198
\U@D=\dimen156
\l@babelnohyphens=\language7

(/usr/share/texlive/texmf-dist/tex/generic/babel/txtbabel.def)
\bbl@readstream=\read2
)
\bbl@dirlevel=\count199

(/usr/share/texlive/texmf-dist/tex/generic/babel-english/english.ldf
Language: english 2017/06/06 v3.3r English support from the babel system
Package babel Info: \l@british = using hyphenrules for english
(babel)             (\language0) on input line 82.
Package babel Info: \l@UKenglish = using hyphenrules for english
(babel)             (\language0) on input line 83.
Package babel Info: \l@canadian = using hyphenrules for english
(babel)             (\language0) on input line 102.
Package babel Info: \l@australian = using hyphenrules for english
(babel)             (\language0) on input line 105.
Package babel Info: \l@newzealand = using hyphenrules for english
(babel)             (\language0) on input line 108.
))
(/usr/share/texlive/texmf-dist/tex/latex/pgf/frontendlayer/tikz.sty
(/usr/share/texlive/texmf-dist/tex/latex/pgf/basiclayer/pgf.sty
(/usr/share/texlive/texmf-dist/tex/latex/pgf/utilities/pgfrcs.sty
(/usr/share/texlive/texmf-dist/tex/generic/pgf/utilities/pgfutil-common.tex
\pgfutil@everybye=\toks26
\pgfutil@tempdima=\dimen157
\pgfutil@tempdimb=\dimen158

(/usr/share/texlive/texmf-dist/tex/generic/pgf/utilities/pgfutil-common-lists.t
ex)) (/usr/share/texlive/texmf-dist/tex/generic/pgf/utilities/pgfutil-latex.def
\pgfutil@abb=\box49
) (/usr/share/texlive/texmf-dist/tex/generic/pgf/utilities/pgfrcs.code.tex
(/usr/share/texlive/texmf-dist/tex/generic/pgf/pgf.revision.tex)
Package: pgfrcs 2020/12/27 v3.1.8b (3.1.8b)
))
Package: pgf 2020/12/27 v3.1.8b (3.1.8b)

(/usr/share/texlive/texmf-dist/tex/latex/pgf/basiclayer/pgfcore.sty
(/usr/share/texlive/texmf-dist/tex/latex/graphics/graphicx.sty
Package: graphicx 2020/09/09 v1.2b Enhanced LaTeX Graphics (DPC,SPQR)

(/usr/share/texlive/texmf-dist/tex/latex/graphics/keyval.sty
Package: keyval 2014/10/28 v1.15 key=value parser (DPC)
\KV@toks@=\toks27
)
(/usr/share/texlive/texmf-dist/tex/latex/graphics/graphics.sty
Package: graphics 2020/08/30 v1.4c Standard LaTeX Graphics (DPC,SPQR)

(/usr/share/texlive/texmf-dist/tex/latex/graphics-cfg/graphics.cfg
File: graphics.cfg 2016/06/04 v1.11 sample graphics configuration
)
Package graphics Info: Driver file: pdftex.def on input line 105.
)
\Gin@req@height=\dimen159
\Gin@req@width=\dimen160
)
(/usr/share/texlive/texmf-dist/tex/latex/pgf/systemlayer/pgfsys.sty
(/usr/share/texlive/texmf-dist/tex/generic/pgf/systemlayer/pgfsys.code.tex
Package: pgfsys 2020/12/27 v3.1.8b (3.1.8b)

(/usr/share/texlive/texmf-dist/tex/generic/pgf/utilities/pgfkeys.code.tex
\pgfkeys@pathtoks=\toks28
\pgfkeys@temptoks=\toks29

(/usr/share/texlive/texmf-dist/tex/generic/pgf/utilities/pgfkeysfiltered.code.t
ex
\pgfkeys@tmptoks=\toks30
))
\pgf@x=\dimen161
\pgf@y=\dimen162
\pgf@xa=\dimen163
\pgf@ya=\dimen164
\pgf@xb=\dimen165
\pgf@yb=\dimen166
\pgf@xc=\dimen167
\pgf@yc=\dimen168
\pgf@xd=\dimen169
\pgf@yd=\dimen170
\w@pgf@writea=\write3
\r@pgf@reada=\read3
\c@pgf@counta=\count266
\c@pgf@countb=\count267
\c@pgf@countc=\count268
\c@pgf@countd=\count269
\t@pgf@toka=\toks31
\t@pgf@tokb=\toks32
\t@pgf@tokc=\toks33
\pgf@sys@id@count=\count270
 (/usr/share/texlive/texmf-dist/tex/generic/pgf/systemlayer/pgf.cfg
File: pgf.cfg 2020/12/27 v3.1.8b (3.1.8b)
)
Driver file for pgf: pgfsys-pdftex.def

(/usr/share/texlive/texmf-dist/tex/generic/pgf/systemlayer/pgfsys-pdftex.def
File: pgfsys-pdftex.def 2020/12/27 v3.1.8b (3.1.8b)

(/usr/share/texlive/texmf-dist/tex/generic/pgf/systemlayer/pgfsys-common-pdf.de
f
File: pgfsys-common-pdf.def 2020/12/27 v3.1.8b (3.1.8b)
)))
(/usr/share/texlive/texmf-dist/tex/generic/pgf/systemlayer/pgfsyssoftpath.code.
tex
File: pgfsyssoftpath.code.tex 2020/12/27 v3.1.8b (3.1.8b)
\pgfsyssoftpath@smallbuffer@items=\count271
\pgfsyssoftpath@bigbuffer@items=\count272
)
(/usr/share/texlive/texmf-dist/tex/generic/pgf/systemlayer/pgfsysprotocol.code.
tex
File: pgfsysprotocol.code.tex 2020/12/27 v3.1.8b (3.1.8b)
)) (/usr/share/texlive/texmf-dist/tex/latex/xcolor/xcolor.sty
Package: xcolor 2016/05/11 v2.12 LaTeX color extensions (UK)

(/usr/share/texlive/texmf-dist/tex/latex/graphics-cfg/color.cfg
File: color.cfg 2016/01/02 v1.6 sample color configuration
)
Package xcolor Info: Driver file: pdftex.def on input line 225.
LaTeX Info: Redefining \color on input line 709.
Package xcolor Info: Model `cmy' substituted by `cmy0' on input line 1348.
Package xcolor Info: Model `hsb' substituted by `rgb' on input line 1352.
Package xcolor Info: Model `RGB' extended on input line 1364.
Package xcolor Info: Model `HTML' substituted by `rgb' on input line 1366.
Package xcolor Info: Model `Hsb' substituted by `hsb' on input line 1367.
Package xcolor Info: Model `tHsb' substituted by `hsb' on input line 1368.
Package xcolor Info: Model `HSB' substituted by `hsb' on input line 1369.
Package xcolor Info: Model `Gray' substituted by `gray' on input line 1370.
Package xcolor Info: Model `wave' substituted by `hsb' on input line 1371.
)
(/usr/share/texlive/texmf-dist/tex/generic/pgf/basiclayer/pgfcore.code.tex
Package: pgfcore 2020/12/27 v3.1.8b (3.1.8b)

(/usr/share/texlive/texmf-dist/tex/generic/pgf/math/pgfmath.code.tex
(/usr/share/texlive/texmf-dist/tex/generic/pgf/math/pgfmathcalc.code.tex
(/usr/share/texlive/texmf-dist/tex/generic/pgf/math/pgfmathutil.code.tex)
(/usr/share/texlive/texmf-dist/tex/generic/pgf/math/pgfmathparser.code.tex
\pgfmath@dimen=\dimen171
\pgfmath@count=\count273
\pgfmath@box=\box50
\pgfmath@toks=\toks34
\pgfmath@stack@operand=\toks35
\pgfmath@stack@operation=\toks36
)
(/usr/share/texlive/texmf-dist/tex/generic/pgf/math/pgfmathfunctions.code.tex
(/usr/share/texlive/texmf-dist/tex/generic/pgf/math/pgfmathfunctions.basic.code
.tex)
(/usr/share/texlive/texmf-dist/tex/generic/pgf/math/pgfmathfunctions.trigonomet
ric.code.tex)
(/usr/share/texlive/texmf-dist/tex/generic/pgf/math/pgfmathfunctions.random.cod
e.tex)
(/usr/share/texlive/texmf-dist/tex/generic/pgf/math/pgfmathfunctions.comparison
.code.tex)
(/usr/share/texlive/texmf-dist/tex/generic/pgf/math/pgfmathfunctions.base.code.
tex)
(/usr/share/texlive/texmf-dist/tex/generic/pgf/math/pgfmathfunctions.round.code
.tex)
(/usr/share/texlive/texmf-dist/tex/generic/pgf/math/pgfmathfunctions.misc.code.
tex)
(/usr/share/texlive/texmf-dist/tex/generic/pgf/math/pgfmathfunctions.integerari
thmetics.code.tex)))
(/usr/share/texlive/texmf-dist/tex/generic/pgf/math/pgfmathfloat.code.tex
\c@pgfmathroundto@lastzeros=\count274
))
(/usr/share/texlive/texmf-dist/tex/generic/pgf/math/pgfint.code.tex)
(/usr/share/texlive/texmf-dist/tex/generic/pgf/basiclayer/pgfcorepoints.code.te
x
File: pgfcorepoints.code.tex 2020/12/27 v3.1.8b (3.1.8b)
\pgf@picminx=\dimen172
\pgf@picmaxx=\dimen173
\pgf@picminy=\dimen174
\pgf@picmaxy=\dimen175
\pgf@pathminx=\dimen176
\pgf@pathmaxx=\dimen177
\pgf@pathminy=\dimen178
\pgf@pathmaxy=\dimen179
\pgf@xx=\dimen180
\pgf@xy=\dimen181
\pgf@yx=\dimen182
\pgf@yy=\dimen183
\pgf@zx=\dimen184
\pgf@zy=\dimen185
)
(/usr/share/texlive/texmf-dist/tex/generic/pgf/basiclayer/pgfcorepathconstruct.
code.tex
File: pgfcorepathconstruct.code.tex 2020/12/27 v3.1.8b (3.1.8b)
\pgf@path@lastx=\dimen186
\pgf@path@lasty=\dimen187
)
(/usr/share/texlive/texmf-dist/tex/generic/pgf/basiclayer/pgfcorepathusage.code
.tex
File: pgfcorepathusage.code.tex 2020/12/27 v3.1.8b (3.1.8b)
\pgf@shorten@end@additional=\dimen188
\pgf@shorten@start@additional=\dimen189
)
(/usr/share/texlive/texmf-dist/tex/generic/pgf/basiclayer/pgfcorescopes.code.te
x
File: pgfcorescopes.code.tex 2020/12/27 v3.1.8b (3.1.8b)
\pgfpic=\box51
\pgf@hbox=\box52
\pgf@layerbox@main=\box53
\pgf@picture@serial@count=\count275
)
(/usr/share/texlive/texmf-dist/tex/generic/pgf/basiclayer/pgfcoregraphicstate.c
ode.tex
File: pgfcoregraphicstate.code.tex 2020/12/27 v3.1.8b (3.1.8b)
\pgflinewidth=\dimen190
)
(/usr/share/texlive/texmf-dist/tex/generic/pgf/basiclayer/pgfcoretransformation
s.code.tex
File: pgfcoretransformations.code.tex 2020/12/27 v3.1.8b (3.1.8b)
\pgf@pt@x=\dimen191
\pgf@pt@y=\dimen192
\pgf@pt@temp=\dimen193
)
(/usr/share/texlive/texmf-dist/tex/generic/pgf/basiclayer/pgfcorequick.code.tex
File: pgfcorequick.code.tex 2020/12/27 v3.1.8b (3.1.8b)
)
(/usr/share/texlive/texmf-dist/tex/generic/pgf/basiclayer/pgfcoreobjects.code.t
ex
File: pgfcoreobjects.code.tex 2020/12/27 v3.1.8b (3.1.8b)
)
(/usr/share/texlive/texmf-dist/tex/generic/pgf/basiclayer/pgfcorepathprocessing
.code.tex
File: pgfcorepathprocessing.code.tex 2020/12/27 v3.1.8b (3.1.8b)
)
(/usr/share/texlive/texmf-dist/tex/generic/pgf/basiclayer/pgfcorearrows.code.te
x
File: pgfcorearrows.code.tex 2020/12/27 v3.1.8b (3.1.8b)
\pgfarrowsep=\dimen194
)
(/usr/share/texlive/texmf-dist/tex/generic/pgf/basiclayer/pgfcoreshade.code.tex
File: pgfcoreshade.code.tex 2020/12/27 v3.1.8b (3.1.8b)
\pgf@max=\dimen195
\pgf@sys@shading@range@num=\count276
\pgf@shadingcount=\count277
)
(/usr/share/texlive/texmf-dist/tex/generic/pgf/basiclayer/pgfcoreimage.code.tex
File: pgfcoreimage.code.tex 2020/12/27 v3.1.8b (3.1.8b)

(/usr/share/texlive/texmf-dist/tex/generic/pgf/basiclayer/pgfcoreexternal.code.
tex
File: pgfcoreexternal.code.tex 2020/12/27 v3.1.8b (3.1.8b)
\pgfexternal@startupbox=\box54
))
(/usr/share/texlive/texmf-dist/tex/generic/pgf/basiclayer/pgfcorelayers.code.te
x
File: pgfcorelayers.code.tex 2020/12/27 v3.1.8b (3.1.8b)
)
(/usr/share/texlive/texmf-dist/tex/generic/pgf/basiclayer/pgfcoretransparency.c
ode.tex
File: pgfcoretransparency.code.tex 2020/12/27 v3.1.8b (3.1.8b)
)
(/usr/share/texlive/texmf-dist/tex/generic/pgf/basiclayer/pgfcorepatterns.code.
tex
File: pgfcorepatterns.code.tex 2020/12/27 v3.1.8b (3.1.8b)
)
(/usr/share/texlive/texmf-dist/tex/generic/pgf/basiclayer/pgfcorerdf.code.tex
File: pgfcorerdf.code.tex 2020/12/27 v3.1.8b (3.1.8b)
)))
(/usr/share/texlive/texmf-dist/tex/generic/pgf/modules/pgfmoduleshapes.code.tex
File: pgfmoduleshapes.code.tex 2020/12/27 v3.1.8b (3.1.8b)
\pgfnodeparttextbox=\box55
) (/usr/share/texlive/texmf-dist/tex/generic/pgf/modules/pgfmoduleplot.code.tex
File: pgfmoduleplot.code.tex 2020/12/27 v3.1.8b (3.1.8b)
)
(/usr/share/texlive/texmf-dist/tex/latex/pgf/compatibility/pgfcomp-version-0-65
.sty
Package: pgfcomp-version-0-65 2020/12/27 v3.1.8b (3.1.8b)
\pgf@nodesepstart=\dimen196
\pgf@nodesepend=\dimen197
)
(/usr/share/texlive/texmf-dist/tex/latex/pgf/compatibility/pgfcomp-version-1-18
.sty
Package: pgfcomp-version-1-18 2020/12/27 v3.1.8b (3.1.8b)
)) (/usr/share/texlive/texmf-dist/tex/latex/pgf/utilities/pgffor.sty
(/usr/share/texlive/texmf-dist/tex/latex/pgf/utilities/pgfkeys.sty
(/usr/share/texlive/texmf-dist/tex/generic/pgf/utilities/pgfkeys.code.tex))
(/usr/share/texlive/texmf-dist/tex/latex/pgf/math/pgfmath.sty
(/usr/share/texlive/texmf-dist/tex/generic/pgf/math/pgfmath.code.tex))
(/usr/share/texlive/texmf-dist/tex/generic/pgf/utilities/pgffor.code.tex
Package: pgffor 2020/12/27 v3.1.8b (3.1.8b)

(/usr/share/texlive/texmf-dist/tex/generic/pgf/math/pgfmath.code.tex)
\pgffor@iter=\dimen198
\pgffor@skip=\dimen199
\pgffor@stack=\toks37
\pgffor@toks=\toks38
))
(/usr/share/texlive/texmf-dist/tex/generic/pgf/frontendlayer/tikz/tikz.code.tex
Package: tikz 2020/12/27 v3.1.8b (3.1.8b)

(/usr/share/texlive/texmf-dist/tex/generic/pgf/libraries/pgflibraryplothandlers
.code.tex
File: pgflibraryplothandlers.code.tex 2020/12/27 v3.1.8b (3.1.8b)
\pgf@plot@mark@count=\count278
\pgfplotmarksize=\dimen256
)
\tikz@lastx=\dimen257
\tikz@lasty=\dimen258
\tikz@lastxsaved=\dimen259
\tikz@lastysaved=\dimen260
\tikz@lastmovetox=\dimen261
\tikz@lastmovetoy=\dimen262
\tikzleveldistance=\dimen263
\tikzsiblingdistance=\dimen264
\tikz@figbox=\box56
\tikz@figbox@bg=\box57
\tikz@tempbox=\box58
\tikz@tempbox@bg=\box59
\tikztreelevel=\count279
\tikznumberofchildren=\count280
\tikznumberofcurrentchild=\count281
\tikz@fig@count=\count282

(/usr/share/texlive/texmf-dist/tex/generic/pgf/modules/pgfmodulematrix.code.tex
File: pgfmodulematrix.code.tex 2020/12/27 v3.1.8b (3.1.8b)
\pgfmatrixcurrentrow=\count283
\pgfmatrixcurrentcolumn=\count284
\pgf@matrix@numberofcolumns=\count285
)
\tikz@expandcount=\count286

(/usr/share/texlive/texmf-dist/tex/generic/pgf/frontendlayer/tikz/libraries/tik
zlibrarytopaths.code.tex
File: tikzlibrarytopaths.code.tex 2020/12/27 v3.1.8b (3.1.8b)
)))
(/usr/share/texlive/texmf-dist/tex/latex/geometry/geometry.sty
Package: geometry 2020/01/02 v5.9 Page Geometry

(/usr/share/texlive/texmf-dist/tex/generic/iftex/ifvtex.sty
Package: ifvtex 2019/10/25 v1.7 ifvtex legacy package. Use iftex instead.

(/usr/share/texlive/texmf-dist/tex/generic/iftex/iftex.sty
Package: iftex 2020/03/06 v1.0d TeX engine tests
))
\Gm@cnth=\count287
\Gm@cntv=\count288
\c@Gm@tempcnt=\count289
\Gm@bindingoffset=\dimen265
\Gm@wd@mp=\dimen266
\Gm@odd@mp=\dimen267
\Gm@even@mp=\dimen268
\Gm@layoutwidth=\dimen269
\Gm@layoutheight=\dimen270
\Gm@layouthoffset=\dimen271
\Gm@layoutvoffset=\dimen272
\Gm@dimlist=\toks39
)
(/usr/share/texlive/texmf-dist/tex/latex/l3backend/l3backend-pdftex.def
File: l3backend-pdftex.def 2020-01-29 L3 backend support: PDF output (pdfTeX)
\l__color_backend_stack_int=\count290
\l__pdf_internal_box=\box60
)
No file main.aux.
\openout1 = `main.aux'.

LaTeX Font Info:    Checking defaults for OML/pxmi/m/it on input line 21.
LaTeX Font Info:    Trying to load font information for OML+pxmi on input line 
21.
(/usr/share/texlive/texmf-dist/tex/latex/pxfonts/omlpxmi.fd
File: omlpxmi.fd 2000/12/14 v1.0
)
LaTeX Font Info:    ... okay on input line 21.
LaTeX Font Info:    Checking defaults for OMS/pxsy/m/n on input line 21.
LaTeX Font Info:    Trying to load font information for OMS+pxsy on input line 
21.

(/usr/share/texlive/texmf-dist/tex/latex/pxfonts/omspxsy.fd
File: omspxsy.fd 2000/12/14 v1.0
)
LaTeX Font Info:    ... okay on input line 21.
LaTeX Font Info:    Checking defaults for OT1/cmr/m/n on input line 21.
LaTeX Font Info:    ... okay on input line 21.
LaTeX Font Info:    Checking defaults for T1/cmr/m/n on input line 21.
LaTeX Font Info:    ... okay on input line 21.
LaTeX Font Info:    Checking defaults for TS1/cmr/m/n on input line 21.
LaTeX Font Info:    ... okay on input line 21.
LaTeX Font Info:    Checking defaults for OMX/pxex/m/n on input line 21.
LaTeX Font Info:    Trying to load font information for OMX+pxex on input line 
21.

(/usr/share/texlive/texmf-dist/tex/latex/pxfonts/omxpxex.fd
File: omxpxex.fd 2000/12/14 v1.0
)
LaTeX Font Info:    ... okay on input line 21.
LaTeX Font Info:    Checking defaults for U/pxexa/m/n on input line 21.
LaTeX Font Info:    Trying to load font information for U+pxexa on input line 2
1.

(/usr/share/texlive/texmf-dist/tex/latex/pxfonts/upxexa.fd
File: upxexa.fd 2000/12/14 v1.0
)
LaTeX Font Info:    ... okay on input line 21.

(/usr/share/texlive/texmf-dist/tex/context/base/mkii/supp-pdf.mkii
[Loading MPS to PDF converter (version 2006.09.02).]
\scratchcounter=\count291
\scratchdimen=\dimen273
\scratchbox=\box61
\nofMPsegments=\count292
\nofMParguments=\count293
\everyMPshowfont=\toks40
\MPscratchCnt=\count294
\MPscratchDim=\dimen274
\MPnumerator=\count295
\makeMPintoPDFobject=\count296
\everyMPtoPDFconversion=\toks41
) (/usr/share/texlive/texmf-dist/tex/latex/epstopdf-pkg/epstopdf-base.sty
Package: epstopdf-base 2020-01-24 v2.11 Base part for package epstopdf
Package epstopdf-base Info: Redefining graphics rule for `.eps' on input line 4
85.

(/usr/share/texlive/texmf-dist/tex/latex/latexconfig/epstopdf-sys.cfg
File: epstopdf-sys.cfg 2010/07/13 v1.3 Configuration of (r)epstopdf for TeX Liv
e
))
(/usr/share/texlive/texmf-dist/tex/latex/ucs/ucsencs.def
File: ucsencs.def 2011/01/21 Fixes to fontencodings LGR, T3
)
*geometry* driver: auto-detecting
*geometry* detected driver: pdftex
*geometry* verbose mode - [ preamble ] result:
* driver: pdftex
* paper: custom
* layout: <same size as paper>
* layoutoffset:(h,v)=(0.0pt,0.0pt)
* modes: 
* h-part:(L,W,R)=(0.0pt, 720.0pt, 0.0pt)
* v-part:(T,H,B)=(0.0pt, 540.0pt, 0.0pt)
* \paperwidth=720.0pt
* \paperheight=540.0pt
* \textwidth=720.0pt
* \textheight=540.0pt
* \oddsidemargin=-72.26999pt
* \evensidemargin=-72.26999pt
* \topmargin=-109.26999pt
* \headheight=12.0pt
* \headsep=25.0pt
* \topskip=10.0pt
* \footskip=30.0pt
* \marginparwidth=65.0pt
* \marginparsep=11.0pt
* \columnsep=10.0pt
* \skip\footins=9.0pt plus 4.0pt minus 2.0pt
* \hoffset=0.0pt
* \voffset=0.0pt
* \mag=1000
* \@twocolumnfalse
* \@twosidefalse
* \@mparswitchfalse
* \@reversemarginfalse
* (1in=72.27pt=25.4mm, 1cm=28.453pt)

<latexImage_340e7acc1534b9ba351a92c1a1081d49.png, id=4, 1027.84pt x 781.73746pt
>
File: latexImage_340e7acc1534b9ba351a92c1a1081d49.png Graphic file (type png)
<use latexImage_340e7acc1534b9ba351a92c1a1081d49.png>
Package pdftex.def Info: latexImage_340e7acc1534b9ba351a92c1a1081d49.png  used 
on input line 40.
(pdftex.def)             Requested size: 720.01634pt x 540.03163pt.
[1

{/var/lib/texmf/fonts/map/pdftex/updmap/pdftex.map} <./latexImage_340e7acc1534b
9ba351a92c1a1081d49.png (PNG copy)>]
<latexImage_15b9e6acda8be87c69673355bc94d374.png, id=11, 1027.84pt x 781.73746p
t>
File: latexImage_15b9e6acda8be87c69673355bc94d374.png Graphic file (type png)
<use latexImage_15b9e6acda8be87c69673355bc94d374.png>
Package pdftex.def Info: latexImage_15b9e6acda8be87c69673355bc94d374.png  used 
on input line 82.
(pdftex.def)             Requested size: 720.01634pt x 540.03163pt.
LaTeX Font Info:    Calculating math sizes for size <20.013> on input line 95.
LaTeX Font Info:    Trying to load font information for OT1+pxr on input line 9
5.

(/usr/share/texlive/texmf-dist/tex/latex/pxfonts/ot1pxr.fd
File: ot1pxr.fd 2000/12/14 v1.0
)
LaTeX Font Info:    Trying to load font information for U+pxmia on input line 9
5.

(/usr/share/texlive/texmf-dist/tex/latex/pxfonts/upxmia.fd
File: upxmia.fd 2000/12/14 v1.0
)
LaTeX Font Info:    Trying to load font information for U+pxsya on input line 9
5.

(/usr/share/texlive/texmf-dist/tex/latex/pxfonts/upxsya.fd
File: upxsya.fd 2000/12/14 v1.0
)
LaTeX Font Info:    Trying to load font information for U+pxsyb on input line 9
5.

(/usr/share/texlive/texmf-dist/tex/latex/pxfonts/upxsyb.fd
File: utxsyb.fd 2000/12/14 v1.0
)
LaTeX Font Info:    Trying to load font information for U+pxsyc on input line 9
5.

(/usr/share/texlive/texmf-dist/tex/latex/pxfonts/upxsyc.fd
File: upxsyc.fd 2000/12/14 v1.0
)
LaTeX Font Info:    Trying to load font information for U+wasy on input line 95
.

(/usr/share/texlive/texmf-dist/tex/latex/wasysym/uwasy.fd
File: uwasy.fd 2020/01/19 v2.4 Wasy-2 symbol font definitions
)

LaTeX Font Warning: Font shape `U/wasy/m/n' in size <20.013> not available
(Font)              size <20.74> substituted on input line 95.

[2 <./latexImage_15b9e6acda8be87c69673355bc94d374.png (PNG copy)>]
<latexImage_1aef5d9a345e7259c360833b5fc6008f.png, id=18, 1027.84pt x 781.73746p
t>
File: latexImage_1aef5d9a345e7259c360833b5fc6008f.png Graphic file (type png)
<use latexImage_1aef5d9a345e7259c360833b5fc6008f.png>
Package pdftex.def Info: latexImage_1aef5d9a345e7259c360833b5fc6008f.png  used 
on input line 225.
(pdftex.def)             Requested size: 720.01634pt x 540.03163pt.
LaTeX Font Info:    Calculating math sizes for size <15.987> on input line 233.



LaTeX Font Warning: Font shape `U/wasy/m/n' in size <15.987> not available
(Font)              size <17.28> substituted on input line 233.

LaTeX Font Info:    Calculating math sizes for size <11.991> on input line 265.

[3 <./latexImage_1aef5d9a345e7259c360833b5fc6008f.png (PNG copy)>]
File: latexImage_15b9e6acda8be87c69673355bc94d374.png Graphic file (type png)
<use latexImage_15b9e6acda8be87c69673355bc94d374.png>
Package pdftex.def Info: latexImage_15b9e6acda8be87c69673355bc94d374.png  used 
on input line 531.
(pdftex.def)             Requested size: 720.01634pt x 540.03163pt.
 [4]
<latexImage_6f17c9ae575e6e3412bad9150a17b852.png, id=27, 1027.84pt x 781.73746p
t>
File: latexImage_6f17c9ae575e6e3412bad9150a17b852.png Graphic file (type png)
<use latexImage_6f17c9ae575e6e3412bad9150a17b852.png>
Package pdftex.def Info: latexImage_6f17c9ae575e6e3412bad9150a17b852.png  used 
on input line 893.
(pdftex.def)             Requested size: 720.01634pt x 540.03163pt.
 [5 <./latexImage_6f17c9ae575e6e3412bad9150a17b852.png (PNG copy)>]
<latexImage_2828171a63492229494bbe96f89381b1.png, id=31, 1027.84pt x 781.73746p
t>
File: latexImage_2828171a63492229494bbe96f89381b1.png Graphic file (type png)
<use latexImage_2828171a63492229494bbe96f89381b1.png>
Package pdftex.def Info: latexImage_2828171a63492229494bbe96f89381b1.png  used 
on input line 1151.
(pdftex.def)             Requested size: 720.01634pt x 540.03163pt.
 [6 <./latexImage_2828171a63492229494bbe96f89381b1.png (PNG copy)>]
<latexImage_43fb9acc39826b86b6493904abaeacaa.png, id=35, 1027.84pt x 781.73746p
t>
File: latexImage_43fb9acc39826b86b6493904abaeacaa.png Graphic file (type png)
<use latexImage_43fb9acc39826b86b6493904abaeacaa.png>
Package pdftex.def Info: latexImage_43fb9acc39826b86b6493904abaeacaa.png  used 
on input line 1554.
(pdftex.def)             Requested size: 720.01634pt x 540.03163pt.
 [7 <./latexImage_43fb9acc39826b86b6493904abaeacaa.png (PNG copy)>]
<latexImage_d5964f0fe7de530ea43707adcb11ad51.png, id=40, 1027.84pt x 781.73746p
t>
File: latexImage_d5964f0fe7de530ea43707adcb11ad51.png Graphic file (type png)
<use latexImage_d5964f0fe7de530ea43707adcb11ad51.png>
Package pdftex.def Info: latexImage_d5964f0fe7de530ea43707adcb11ad51.png  used 
on input line 1905.
(pdftex.def)             Requested size: 720.01634pt x 540.03163pt.
 [8 <./latexImage_d5964f0fe7de530ea43707adcb11ad51.png (PNG copy)>]
<latexImage_70f318a8f2de3f58eebb26eed4f2123e.png, id=44, 1027.84pt x 781.73746p
t>
File: latexImage_70f318a8f2de3f58eebb26eed4f2123e.png Graphic file (type png)
<use latexImage_70f318a8f2de3f58eebb26eed4f2123e.png>
Package pdftex.def Info: latexImage_70f318a8f2de3f58eebb26eed4f2123e.png  used 
on input line 2381.
(pdftex.def)             Requested size: 720.01634pt x 540.03163pt.
 [9 <./latexImage_70f318a8f2de3f58eebb26eed4f2123e.png (PNG copy)>]
File: latexImage_2828171a63492229494bbe96f89381b1.png Graphic file (type png)
<use latexImage_2828171a63492229494bbe96f89381b1.png>
Package pdftex.def Info: latexImage_2828171a63492229494bbe96f89381b1.png  used 
on input line 2553.
(pdftex.def)             Requested size: 720.01634pt x 540.03163pt.
 [10]
File: latexImage_1aef5d9a345e7259c360833b5fc6008f.png Graphic file (type png)
<use latexImage_1aef5d9a345e7259c360833b5fc6008f.png>
Package pdftex.def Info: latexImage_1aef5d9a345e7259c360833b5fc6008f.png  used 
on input line 2839.
(pdftex.def)             Requested size: 720.01634pt x 540.03163pt.
 [11]
File: latexImage_15b9e6acda8be87c69673355bc94d374.png Graphic file (type png)
<use latexImage_15b9e6acda8be87c69673355bc94d374.png>
Package pdftex.def Info: latexImage_15b9e6acda8be87c69673355bc94d374.png  used 
on input line 3053.
(pdftex.def)             Requested size: 720.01634pt x 540.03163pt.
 [12]
File: latexImage_43fb9acc39826b86b6493904abaeacaa.png Graphic file (type png)
<use latexImage_43fb9acc39826b86b6493904abaeacaa.png>
Package pdftex.def Info: latexImage_43fb9acc39826b86b6493904abaeacaa.png  used 
on input line 3554.
(pdftex.def)             Requested size: 720.01634pt x 540.03163pt.
 [13]
File: latexImage_d5964f0fe7de530ea43707adcb11ad51.png Graphic file (type png)
<use latexImage_d5964f0fe7de530ea43707adcb11ad51.png>
Package pdftex.def Info: latexImage_d5964f0fe7de530ea43707adcb11ad51.png  used 
on input line 3861.
(pdftex.def)             Requested size: 720.01634pt x 540.03163pt.
 [14]
<latexImage_3f3a920d1f055ee96cf3917d47957291.png, id=65, 1027.84pt x 781.73746p
t>
File: latexImage_3f3a920d1f055ee96cf3917d47957291.png Graphic file (type png)
<use latexImage_3f3a920d1f055ee96cf3917d47957291.png>
Package pdftex.def Info: latexImage_3f3a920d1f055ee96cf3917d47957291.png  used 
on input line 4004.
(pdftex.def)             Requested size: 720.01634pt x 540.03163pt.
 [15 <./latexImage_3f3a920d1f055ee96cf3917d47957291.png (PNG copy)>]
<latexImage_bdabda61317014bb20dc1cc743a20acb.png, id=69, 1027.84pt x 781.73746p
t>
File: latexImage_bdabda61317014bb20dc1cc743a20acb.png Graphic file (type png)
<use latexImage_bdabda61317014bb20dc1cc743a20acb.png>
Package pdftex.def Info: latexImage_bdabda61317014bb20dc1cc743a20acb.png  used 
on input line 4330.
(pdftex.def)             Requested size: 720.01634pt x 540.03163pt.
 [16 <./latexImage_bdabda61317014bb20dc1cc743a20acb.png (PNG copy)>]
File: latexImage_70f318a8f2de3f58eebb26eed4f2123e.png Graphic file (type png)
<use latexImage_70f318a8f2de3f58eebb26eed4f2123e.png>
Package pdftex.def Info: latexImage_70f318a8f2de3f58eebb26eed4f2123e.png  used 
on input line 4607.
(pdftex.def)             Requested size: 720.01634pt x 540.03163pt.
LaTeX Font Info:    Calculating math sizes for size <7.994> on input line 4638.



LaTeX Font Warning: Font shape `U/wasy/m/n' in size <5.59576> not available
(Font)              size <6> substituted on input line 4638.


LaTeX Font Warning: Font shape `U/wasy/m/n' in size <3.997> not available
(Font)              size <5> substituted on input line 4638.

[17]
File: latexImage_15b9e6acda8be87c69673355bc94d374.png Graphic file (type png)
<use latexImage_15b9e6acda8be87c69673355bc94d374.png>
Package pdftex.def Info: latexImage_15b9e6acda8be87c69673355bc94d374.png  used 
on input line 4920.
(pdftex.def)             Requested size: 720.01634pt x 540.03163pt.
 [18]
File: latexImage_43fb9acc39826b86b6493904abaeacaa.png Graphic file (type png)
<use latexImage_43fb9acc39826b86b6493904abaeacaa.png>
Package pdftex.def Info: latexImage_43fb9acc39826b86b6493904abaeacaa.png  used 
on input line 5029.
(pdftex.def)             Requested size: 720.01634pt x 540.03163pt.
 [19]
File: latexImage_1aef5d9a345e7259c360833b5fc6008f.png Graphic file (type png)
<use latexImage_1aef5d9a345e7259c360833b5fc6008f.png>
Package pdftex.def Info: latexImage_1aef5d9a345e7259c360833b5fc6008f.png  used 
on input line 5213.
(pdftex.def)             Requested size: 720.01634pt x 540.03163pt.
 [20]
File: latexImage_70f318a8f2de3f58eebb26eed4f2123e.png Graphic file (type png)
<use latexImage_70f318a8f2de3f58eebb26eed4f2123e.png>
Package pdftex.def Info: latexImage_70f318a8f2de3f58eebb26eed4f2123e.png  used 
on input line 5572.
(pdftex.def)             Requested size: 720.01634pt x 540.03163pt.
 [21]
File: latexImage_2828171a63492229494bbe96f89381b1.png Graphic file (type png)
<use latexImage_2828171a63492229494bbe96f89381b1.png>
Package pdftex.def Info: latexImage_2828171a63492229494bbe96f89381b1.png  used 
on input line 5626.
(pdftex.def)             Requested size: 720.01634pt x 540.03163pt.
 [22]
File: latexImage_6f17c9ae575e6e3412bad9150a17b852.png Graphic file (type png)
<use latexImage_6f17c9ae575e6e3412bad9150a17b852.png>
Package pdftex.def Info: latexImage_6f17c9ae575e6e3412bad9150a17b852.png  used 
on input line 5700.
(pdftex.def)             Requested size: 720.01634pt x 540.03163pt.
 [23]
File: latexImage_bdabda61317014bb20dc1cc743a20acb.png Graphic file (type png)
<use latexImage_bdabda61317014bb20dc1cc743a20acb.png>
Package pdftex.def Info: latexImage_bdabda61317014bb20dc1cc743a20acb.png  used 
on input line 5812.
(pdftex.def)             Requested size: 720.01634pt x 540.03163pt.
 [24]
File: latexImage_340e7acc1534b9ba351a92c1a1081d49.png Graphic file (type png)
<use latexImage_340e7acc1534b9ba351a92c1a1081d49.png>
Package pdftex.def Info: latexImage_340e7acc1534b9ba351a92c1a1081d49.png  used 
on input line 5946.
(pdftex.def)             Requested size: 720.01634pt x 540.03163pt.
 [25] [26]
File: latexImage_340e7acc1534b9ba351a92c1a1081d49.png Graphic file (type png)
<use latexImage_340e7acc1534b9ba351a92c1a1081d49.png>
Package pdftex.def Info: latexImage_340e7acc1534b9ba351a92c1a1081d49.png  used 
on input line 6016.
(pdftex.def)             Requested size: 720.01634pt x 540.03163pt.
 [27]
File: latexImage_70f318a8f2de3f58eebb26eed4f2123e.png Graphic file (type png)
<use latexImage_70f318a8f2de3f58eebb26eed4f2123e.png>
Package pdftex.def Info: latexImage_70f318a8f2de3f58eebb26eed4f2123e.png  used 
on input line 6037.
(pdftex.def)             Requested size: 720.01634pt x 540.03163pt.
 [28]
File: latexImage_bdabda61317014bb20dc1cc743a20acb.png Graphic file (type png)
<use latexImage_bdabda61317014bb20dc1cc743a20acb.png>
Package pdftex.def Info: latexImage_bdabda61317014bb20dc1cc743a20acb.png  used 
on input line 6057.
(pdftex.def)             Requested size: 720.01634pt x 540.03163pt.
 [29]
File: latexImage_1aef5d9a345e7259c360833b5fc6008f.png Graphic file (type png)
<use latexImage_1aef5d9a345e7259c360833b5fc6008f.png>
Package pdftex.def Info: latexImage_1aef5d9a345e7259c360833b5fc6008f.png  used 
on input line 6077.
(pdftex.def)             Requested size: 720.01634pt x 540.03163pt.
 [30]
File: latexImage_15b9e6acda8be87c69673355bc94d374.png Graphic file (type png)
<use latexImage_15b9e6acda8be87c69673355bc94d374.png>
Package pdftex.def Info: latexImage_15b9e6acda8be87c69673355bc94d374.png  used 
on input line 6097.
(pdftex.def)             Requested size: 720.01634pt x 540.03163pt.
 [31]
File: latexImage_d5964f0fe7de530ea43707adcb11ad51.png Graphic file (type png)
<use latexImage_d5964f0fe7de530ea43707adcb11ad51.png>
Package pdftex.def Info: latexImage_d5964f0fe7de530ea43707adcb11ad51.png  used 
on input line 6117.
(pdftex.def)             Requested size: 720.01634pt x 540.03163pt.

[32]
File: latexImage_2828171a63492229494bbe96f89381b1.png Graphic file (type png)
<use latexImage_2828171a63492229494bbe96f89381b1.png>
Package pdftex.def Info: latexImage_2828171a63492229494bbe96f89381b1.png  used 
on input line 6137.
(pdftex.def)             Requested size: 720.01634pt x 540.03163pt.
 [33]
File: latexImage_43fb9acc39826b86b6493904abaeacaa.png Graphic file (type png)
<use latexImage_43fb9acc39826b86b6493904abaeacaa.png>
Package pdftex.def Info: latexImage_43fb9acc39826b86b6493904abaeacaa.png  used 
on input line 6157.
(pdftex.def)             Requested size: 720.01634pt x 540.03163pt.
 [34]
File: latexImage_3f3a920d1f055ee96cf3917d47957291.png Graphic file (type png)
<use latexImage_3f3a920d1f055ee96cf3917d47957291.png>
Package pdftex.def Info: latexImage_3f3a920d1f055ee96cf3917d47957291.png  used 
on input line 6177.
(pdftex.def)             Requested size: 720.01634pt x 540.03163pt.
 [35]
File: latexImage_6f17c9ae575e6e3412bad9150a17b852.png Graphic file (type png)
<use latexImage_6f17c9ae575e6e3412bad9150a17b852.png>
Package pdftex.def Info: latexImage_6f17c9ae575e6e3412bad9150a17b852.png  used 
on input line 6197.
(pdftex.def)             Requested size: 720.01634pt x 540.03163pt.
 [36] (./main.aux)

LaTeX Font Warning: Size substitutions with differences
(Font)              up to 1.293pt have occurred.

 ) 
Here is how much of TeX's memory you used:
 15797 strings out of 481176
 299684 string characters out of 5914225
 587743 words of memory out of 5000000
 32426 multiletter control sequences out of 15000+600000
 449920 words of font info for 177 fonts, out of 8000000 for 9000
 59 hyphenation exceptions out of 8191
 102i,7n,102p,402b,401s stack positions out of 5000i,500n,10000p,200000b,80000s
 </home/sumption/.texlive2020/texmf-var/fonts/pk/ljfour/jknappen/ec/ecrm1728.
1528pk> </home/sumption/.texlive2020/texmf-var/fonts/pk/ljfour/jknappen/ec/ecrm
0700.685pk> </home/sumption/.texlive2020/texmf-var/fonts/pk/ljfour/jknappen/ec/
ecrm1000.600pk> </home/sumption/.texlive2020/texmf-var/fonts/pk/ljfour/jknappen
/ec/ecrm1000.720pk> </home/sumption/.texlive2020/texmf-var/fonts/pk/ljfour/jkna
ppen/ec/ecrm1200.799pk> </home/sumption/.texlive2020/texmf-var/fonts/pk/ljfour/
jknappen/ec/ecrm1728.695pk> </home/sumption/.texlive2020/texmf-var/fonts/pk/ljf
our/jknappen/ec/ecrb1728.764pk> </home/sumption/.texlive2020/texmf-var/fonts/pk
/ljfour/jknappen/ec/ecrm1728.972pk></usr/share/texlive/texmf-dist/fonts/type1/p
ublic/pxfonts/pxsy.pfb>
Output written on main.pdf (36 pages, 2388223 bytes).
PDF statistics:
 463 PDF objects out of 1000 (max. 8388607)
 118 compressed objects within 2 object streams
 0 named destinations out of 1000 (max. 500000)
 63 words of extra memory for PDF output out of 10000 (max. 10000000)

