\BOOKMARK [2][]{Outline0.1}{Who are we?}{}% 1
\BOOKMARK [2][]{Outline0.2}{Who are you?}{}% 2
\BOOKMARK [1][]{Outline1}{Basics}{}% 3
\BOOKMARK [2][]{Outline1.3}{Topics Covered}{Outline1}% 4
\BOOKMARK [2][]{Outline1.4}{Hardware}{Outline1}% 5
\BOOKMARK [2][]{Outline1.5}{Access: Authentication}{Outline1}% 6
\BOOKMARK [2][]{Outline1.6}{Access: SSH}{Outline1}% 7
\BOOKMARK [2][]{Outline1.7}{Access: X2go}{Outline1}% 8
\BOOKMARK [2][]{Outline1.8}{Access: X2go alternatives}{Outline1}% 9
\BOOKMARK [2][]{Outline1.9}{Access: Storage - homes}{Outline1}% 10
\BOOKMARK [2][]{Outline1.10}{Access: Storage SAN}{Outline1}% 11
\BOOKMARK [2][]{Outline1.11}{Access: Quotas}{Outline1}% 12
\BOOKMARK [2][]{Outline1.12}{Access: Data access}{Outline1}% 13
\BOOKMARK [2][]{Outline1.13}{Access: SFTP}{Outline1}% 14
\BOOKMARK [2][]{Outline1.14}{Access: Data access \(continued\)}{Outline1}% 15
\BOOKMARK [1][]{Outline2}{User Environment}{}% 16
\BOOKMARK [2][]{Outline2.15}{User Environment: Shell}{Outline2}% 17
\BOOKMARK [2][]{Outline2.16}{User Environment: SSH keys}{Outline2}% 18
\BOOKMARK [2][]{Outline2.17}{User Environment: TMUX}{Outline2}% 19
\BOOKMARK [2][]{Outline2.18}{User Environment: Software}{Outline2}% 20
\BOOKMARK [2][]{Outline2.19}{User Environment: Modules}{Outline2}% 21
\BOOKMARK [2][]{Outline2.20}{User Environment: Modules \(cont\)}{Outline2}% 22
\BOOKMARK [2][]{Outline2.21}{User Environment: Modules \(common mistakes}{Outline2}% 23
\BOOKMARK [2][]{Outline2.22}{User Environment: Modules \(Jupyter Notebooks}{Outline2}% 24
\BOOKMARK [2][]{Outline2.23}{User Environment: Containers}{Outline2}% 25
\BOOKMARK [2][]{Outline2.24}{User Environment: Containers \(cont\)}{Outline2}% 26
\BOOKMARK [1][]{Outline3}{SLURM}{}% 27
\BOOKMARK [2][]{Outline3.25}{SLURM}{Outline3}% 28
\BOOKMARK [2][]{Outline3.26}{SLURM Queues}{Outline3}% 29
\BOOKMARK [2][]{Outline3.27}{SLURM fair share}{Outline3}% 30
\BOOKMARK [2][]{Outline3.28}{SLURM Job Types}{Outline3}% 31
\BOOKMARK [2][]{Outline3.29}{SLURM job script}{Outline3}% 32
\BOOKMARK [2][]{Outline3.30}{SLURM: Job Monitoring}{Outline3}% 33
\BOOKMARK [2][]{Outline3.31}{SLURM: Troubleshooting}{Outline3}% 34
\BOOKMARK [2][]{Outline3.32}{SLURM: Common Mistakes}{Outline3}% 35
\BOOKMARK [2][]{Outline3.33}{Model Ensembler}{Outline3}% 36
\BOOKMARK [2][]{Outline3.34}{Developer Environment}{Outline3}% 37
\BOOKMARK [2][]{Outline3.35}{Best Practise}{Outline3}% 38
\BOOKMARK [2][]{Outline3.36}{HELP!}{Outline3}% 39
